This file contains any messages produced by compilers while
running configure, to aid debugging if configure makes a mistake.

It was created by configure, which was
generated by GNU Autoconf 2.69.  Invocation command line was

  $ ./configure 

## --------- ##
## Platform. ##
## --------- ##

hostname = wizard
uname -m = i686
uname -r = 3.4.6-1-ARCH
uname -s = Linux
uname -v = #1 SMP PREEMPT Fri Jul 20 07:24:45 UTC 2012

/usr/bin/uname -p = unknown
/bin/uname -X     = unknown

/bin/arch              = unknown
/usr/bin/arch -k       = unknown
/usr/convex/getsysinfo = unknown
/usr/bin/hostinfo      = unknown
/bin/machine           = unknown
/usr/bin/oslevel       = unknown
/bin/universe          = unknown

PATH: /sbin
PATH: /bin
PATH: /usr/sbin
PATH: /usr/bin
PATH: /usr/games
PATH: /usr/local/sbin
PATH: /usr/local/bin
PATH: /usr/X11R6/bin
PATH: /home/vendu/bin


## ----------- ##
## Core tests. ##
## ----------- ##

configure:2513: checking for a BSD-compatible install
configure:2581: result: /usr/bin/install -c
configure:2592: checking whether build environment is sane
configure:2647: result: yes
configure:2798: checking for a thread-safe mkdir -p
configure:2837: result: /bin/mkdir -p
configure:2844: checking for gawk
configure:2860: found /bin/gawk
configure:2871: result: gawk
configure:2882: checking whether make sets $(MAKE)
configure:2904: result: yes
configure:3172: checking for gcc
configure:3188: found /usr/bin/gcc
configure:3199: result: gcc
configure:3230: checking for C compiler version
configure:3239: gcc --version >&5
gcc (GCC) 4.7.1 20120721 (prerelease)
Copyright (C) 2012 Free Software Foundation, Inc.
This is free software; see the source for copying conditions.  There is NO
warranty; not even for MERCHANTABILITY or FITNESS FOR A PARTICULAR PURPOSE.

configure:3250: $? = 0
configure:3239: gcc -v >&5
Using built-in specs.
COLLECT_GCC=gcc
COLLECT_LTO_WRAPPER=/usr/lib/gcc/i686-pc-linux-gnu/4.7.1/lto-wrapper
Target: i686-pc-linux-gnu
Configured with: /build/src/gcc-4.7-20120721/configure --prefix=/usr --libdir=/usr/lib --libexecdir=/usr/lib --mandir=/usr/share/man --infodir=/usr/share/info --with-bugurl=https://bugs.archlinux.org/ --enable-languages=c,c++,ada,fortran,go,lto,objc,obj-c++ --enable-shared --enable-threads=posix --with-system-zlib --enable-__cxa_atexit --disable-libunwind-exceptions --enable-clocale=gnu --disable-libstdcxx-pch --enable-libstdcxx-time --enable-gnu-unique-object --enable-linker-build-id --with-ppl --enable-cloog-backend=isl --disable-ppl-version-check --disable-cloog-version-check --enable-lto --enable-gold --enable-ld=default --enable-plugin --with-plugin-ld=ld.gold --with-linker-hash-style=gnu --disable-multilib --disable-libssp --disable-build-with-cxx --disable-build-poststage1-with-cxx --enable-checking=release
Thread model: posix
gcc version 4.7.1 20120721 (prerelease) (GCC) 
configure:3250: $? = 0
configure:3239: gcc -V >&5
gcc: error: unrecognized command line option '-V'
gcc: fatal error: no input files
compilation terminated.
configure:3250: $? = 1
configure:3239: gcc -qversion >&5
gcc: error: unrecognized command line option '-qversion'
gcc: fatal error: no input files
compilation terminated.
configure:3250: $? = 1
configure:3270: checking whether the C compiler works
configure:3292: gcc    conftest.c  >&5
configure:3296: $? = 0
configure:3344: result: yes
configure:3347: checking for C compiler default output file name
configure:3349: result: a.out
configure:3355: checking for suffix of executables
configure:3362: gcc -o conftest    conftest.c  >&5
configure:3366: $? = 0
configure:3388: result: 
configure:3410: checking whether we are cross compiling
configure:3418: gcc -o conftest    conftest.c  >&5
configure:3422: $? = 0
configure:3429: ./conftest
configure:3433: $? = 0
configure:3448: result: no
configure:3453: checking for suffix of object files
configure:3475: gcc -c   conftest.c >&5
configure:3479: $? = 0
configure:3500: result: o
configure:3504: checking whether we are using the GNU C compiler
configure:3523: gcc -c   conftest.c >&5
configure:3523: $? = 0
configure:3532: result: yes
configure:3541: checking whether gcc accepts -g
configure:3561: gcc -c -g  conftest.c >&5
configure:3561: $? = 0
configure:3602: result: yes
configure:3619: checking for gcc option to accept ISO C89
configure:3682: gcc  -c -g -O2  conftest.c >&5
configure:3682: $? = 0
configure:3695: result: none needed
configure:3726: checking for style of include used by make
configure:3754: result: GNU
configure:3780: checking dependency style of gcc
configure:3891: result: gcc3
configure:3907: checking whether gcc and cc understand -c and -o together
configure:3938: gcc -c conftest.c -o conftest2.o >&5
configure:3942: $? = 0
configure:3948: gcc -c conftest.c -o conftest2.o >&5
configure:3952: $? = 0
configure:3963: cc -c conftest.c >&5
configure:3967: $? = 0
configure:3975: cc -c conftest.c -o conftest2.o >&5
configure:3979: $? = 0
configure:3985: cc -c conftest.c -o conftest2.o >&5
configure:3989: $? = 0
configure:4007: result: yes
configure:4061: checking build system type
configure:4075: result: i686-pc-linux-gnu
configure:4095: checking host system type
configure:4108: result: i686-pc-linux-gnu
configure:4149: checking how to print strings
configure:4176: result: printf
configure:4197: checking for a sed that does not truncate output
configure:4261: result: /bin/sed
configure:4279: checking for grep that handles long lines and -e
configure:4337: result: /usr/bin/grep
configure:4342: checking for egrep
configure:4404: result: /usr/bin/grep -E
configure:4409: checking for fgrep
configure:4471: result: /usr/bin/grep -F
configure:4506: checking for ld used by gcc
configure:4573: result: /usr/bin/ld
configure:4580: checking if the linker (/usr/bin/ld) is GNU ld
configure:4595: result: yes
configure:4607: checking for BSD- or MS-compatible name lister (nm)
configure:4656: result: /usr/bin/nm -B
configure:4786: checking the name lister (/usr/bin/nm -B) interface
configure:4793: gcc -c -g -O2  conftest.c >&5
configure:4796: /usr/bin/nm -B "conftest.o"
configure:4799: output
00000000 B some_variable
configure:4806: result: BSD nm
configure:4809: checking whether ln -s works
configure:4813: result: yes
configure:4821: checking the maximum length of command line arguments
configure:4946: result: 1572864
configure:4963: checking whether the shell understands some XSI constructs
configure:4973: result: yes
configure:4977: checking whether the shell understands "+="
configure:4983: result: yes
configure:5018: checking how to convert i686-pc-linux-gnu file names to i686-pc-linux-gnu format
configure:5058: result: func_convert_file_noop
configure:5065: checking how to convert i686-pc-linux-gnu file names to toolchain format
configure:5085: result: func_convert_file_noop
configure:5092: checking for /usr/bin/ld option to reload object files
configure:5099: result: -r
configure:5173: checking for objdump
configure:5189: found /usr/bin/objdump
configure:5200: result: objdump
configure:5232: checking how to recognize dependent libraries
configure:5434: result: pass_all
configure:5519: checking for dlltool
configure:5549: result: no
configure:5579: checking how to associate runtime and link libraries
configure:5606: result: printf %s\n
configure:5667: checking for ar
configure:5683: found /usr/bin/ar
configure:5694: result: ar
configure:5731: checking for archiver @FILE support
configure:5748: gcc -c -g -O2  conftest.c >&5
configure:5748: $? = 0
configure:5751: ar cru libconftest.a @conftest.lst >&5
configure:5754: $? = 0
configure:5759: ar cru libconftest.a @conftest.lst >&5
ar: conftest.o: No such file or directory
configure:5762: $? = 1
configure:5774: result: @
configure:5832: checking for strip
configure:5848: found /usr/bin/strip
configure:5859: result: strip
configure:5931: checking for ranlib
configure:5947: found /usr/bin/ranlib
configure:5958: result: ranlib
configure:6060: checking command to parse /usr/bin/nm -B output from gcc object
configure:6179: gcc -c -g -O2  conftest.c >&5
configure:6182: $? = 0
configure:6186: /usr/bin/nm -B conftest.o \| sed -n -e 's/^.*[ ]\([ABCDGIRSTW][ABCDGIRSTW]*\)[ ][ ]*\([_A-Za-z][_A-Za-z0-9]*\)$/\1 \2 \2/p' | sed '/ __gnu_lto/d' \> conftest.nm
configure:6189: $? = 0
configure:6255: gcc -o conftest -g -O2   conftest.c conftstm.o >&5
configure:6258: $? = 0
configure:6296: result: ok
configure:6333: checking for sysroot
configure:6363: result: no
configure:6606: checking for mt
configure:6636: result: no
configure:6656: checking if : is a manifest tool
configure:6662: : '-?'
configure:6670: result: no
configure:7302: checking how to run the C preprocessor
configure:7333: gcc -E  conftest.c
configure:7333: $? = 0
configure:7347: gcc -E  conftest.c
conftest.c:11:28: fatal error: ac_nonexistent.h: No such file or directory
compilation terminated.
configure:7347: $? = 1
configure: failed program was:
| /* confdefs.h */
| #define PACKAGE_NAME ""
| #define PACKAGE_TARNAME ""
| #define PACKAGE_VERSION ""
| #define PACKAGE_STRING ""
| #define PACKAGE_BUGREPORT ""
| #define PACKAGE_URL ""
| #define PACKAGE "Resurrection"
| #define VERSION "0.1.25"
| /* end confdefs.h.  */
| #include <ac_nonexistent.h>
configure:7372: result: gcc -E
configure:7392: gcc -E  conftest.c
configure:7392: $? = 0
configure:7406: gcc -E  conftest.c
conftest.c:11:28: fatal error: ac_nonexistent.h: No such file or directory
compilation terminated.
configure:7406: $? = 1
configure: failed program was:
| /* confdefs.h */
| #define PACKAGE_NAME ""
| #define PACKAGE_TARNAME ""
| #define PACKAGE_VERSION ""
| #define PACKAGE_STRING ""
| #define PACKAGE_BUGREPORT ""
| #define PACKAGE_URL ""
| #define PACKAGE "Resurrection"
| #define VERSION "0.1.25"
| /* end confdefs.h.  */
| #include <ac_nonexistent.h>
configure:7435: checking for ANSI C header files
configure:7455: gcc -c -g -O2  conftest.c >&5
configure:7455: $? = 0
configure:7528: gcc -o conftest -g -O2   conftest.c  >&5
configure:7528: $? = 0
configure:7528: ./conftest
configure:7528: $? = 0
configure:7539: result: yes
configure:7552: checking for sys/types.h
configure:7552: gcc -c -g -O2  conftest.c >&5
configure:7552: $? = 0
configure:7552: result: yes
configure:7552: checking for sys/stat.h
configure:7552: gcc -c -g -O2  conftest.c >&5
configure:7552: $? = 0
configure:7552: result: yes
configure:7552: checking for stdlib.h
configure:7552: gcc -c -g -O2  conftest.c >&5
configure:7552: $? = 0
configure:7552: result: yes
configure:7552: checking for string.h
configure:7552: gcc -c -g -O2  conftest.c >&5
configure:7552: $? = 0
configure:7552: result: yes
configure:7552: checking for memory.h
configure:7552: gcc -c -g -O2  conftest.c >&5
configure:7552: $? = 0
configure:7552: result: yes
configure:7552: checking for strings.h
configure:7552: gcc -c -g -O2  conftest.c >&5
configure:7552: $? = 0
configure:7552: result: yes
configure:7552: checking for inttypes.h
configure:7552: gcc -c -g -O2  conftest.c >&5
configure:7552: $? = 0
configure:7552: result: yes
configure:7552: checking for stdint.h
configure:7552: gcc -c -g -O2  conftest.c >&5
configure:7552: $? = 0
configure:7552: result: yes
configure:7552: checking for unistd.h
configure:7552: gcc -c -g -O2  conftest.c >&5
configure:7552: $? = 0
configure:7552: result: yes
configure:7566: checking for dlfcn.h
configure:7566: gcc -c -g -O2  conftest.c >&5
configure:7566: $? = 0
configure:7566: result: yes
configure:7753: checking for objdir
configure:7768: result: .libs
configure:8039: checking if gcc supports -fno-rtti -fno-exceptions
configure:8057: gcc -c -g -O2  -fno-rtti -fno-exceptions conftest.c >&5
cc1: warning: command line option '-fno-rtti' is valid for C++/ObjC++ but not for C [enabled by default]
configure:8061: $? = 0
configure:8074: result: no
configure:8384: checking for gcc option to produce PIC
configure:8391: result: -fPIC -DPIC
configure:8399: checking if gcc PIC flag -fPIC -DPIC works
configure:8417: gcc -c -g -O2  -fPIC -DPIC -DPIC conftest.c >&5
configure:8421: $? = 0
configure:8434: result: yes
configure:8463: checking if gcc static flag -static works
configure:8491: result: yes
configure:8506: checking if gcc supports -c -o file.o
configure:8527: gcc -c -g -O2  -o out/conftest2.o conftest.c >&5
configure:8531: $? = 0
configure:8553: result: yes
configure:8561: checking if gcc supports -c -o file.o
configure:8608: result: yes
configure:8641: checking whether the gcc linker (/usr/bin/ld) supports shared libraries
configure:9799: result: yes
configure:9836: checking whether -lc should be explicitly linked in
configure:9844: gcc -c -g -O2  conftest.c >&5
configure:9847: $? = 0
configure:9862: gcc -shared  -fPIC -DPIC conftest.o  -v -Wl,-soname -Wl,conftest -o conftest 2\>\&1 \| /usr/bin/grep  -lc  \>/dev/null 2\>\&1
configure:9865: $? = 0
configure:9879: result: no
configure:10044: checking dynamic linker characteristics
configure:10558: gcc -o conftest -g -O2   -Wl,-rpath -Wl,/foo conftest.c  >&5
configure:10558: $? = 0
configure:10780: result: GNU/Linux ld.so
configure:10887: checking how to hardcode library paths into programs
configure:10912: result: immediate
configure:11452: checking whether stripping libraries is possible
configure:11457: result: yes
configure:11492: checking if libtool supports shared libraries
configure:11494: result: yes
configure:11497: checking whether to build shared libraries
configure:11518: result: yes
configure:11521: checking whether to build static libraries
configure:11525: result: yes
configure:11569: checking malloc.h usability
configure:11569: gcc -c -g -O2  conftest.c >&5
configure:11569: $? = 0
configure:11569: result: yes
configure:11569: checking malloc.h presence
configure:11569: gcc -E  conftest.c
configure:11569: $? = 0
configure:11569: result: yes
configure:11569: checking for malloc.h
configure:11569: result: yes
configure:11575: checking termios.h usability
configure:11575: gcc -c -g -O2  conftest.c >&5
configure:11575: $? = 0
configure:11575: result: yes
configure:11575: checking termios.h presence
configure:11575: gcc -E  conftest.c
configure:11575: $? = 0
configure:11575: result: yes
configure:11575: checking for termios.h
configure:11575: result: yes
configure:11581: checking sys/termios.h usability
configure:11581: gcc -c -g -O2  conftest.c >&5
configure:11581: $? = 0
configure:11581: result: yes
configure:11581: checking sys/termios.h presence
configure:11581: gcc -E  conftest.c
configure:11581: $? = 0
configure:11581: result: yes
configure:11581: checking for sys/termios.h
configure:11581: result: yes
configure:11587: checking sys/ttycom.h usability
configure:11587: gcc -c -g -O2  conftest.c >&5
conftest.c:56:24: fatal error: sys/ttycom.h: No such file or directory
compilation terminated.
configure:11587: $? = 1
configure: failed program was:
| /* confdefs.h */
| #define PACKAGE_NAME ""
| #define PACKAGE_TARNAME ""
| #define PACKAGE_VERSION ""
| #define PACKAGE_STRING ""
| #define PACKAGE_BUGREPORT ""
| #define PACKAGE_URL ""
| #define PACKAGE "Resurrection"
| #define VERSION "0.1.25"
| #define STDC_HEADERS 1
| #define HAVE_SYS_TYPES_H 1
| #define HAVE_SYS_STAT_H 1
| #define HAVE_STDLIB_H 1
| #define HAVE_STRING_H 1
| #define HAVE_MEMORY_H 1
| #define HAVE_STRINGS_H 1
| #define HAVE_INTTYPES_H 1
| #define HAVE_STDINT_H 1
| #define HAVE_UNISTD_H 1
| #define HAVE_DLFCN_H 1
| #define LT_OBJDIR ".libs/"
| /* end confdefs.h.  */
| #include <stdio.h>
| #ifdef HAVE_SYS_TYPES_H
| # include <sys/types.h>
| #endif
| #ifdef HAVE_SYS_STAT_H
| # include <sys/stat.h>
| #endif
| #ifdef STDC_HEADERS
| # include <stdlib.h>
| # include <stddef.h>
| #else
| # ifdef HAVE_STDLIB_H
| #  include <stdlib.h>
| # endif
| #endif
| #ifdef HAVE_STRING_H
| # if !defined STDC_HEADERS && defined HAVE_MEMORY_H
| #  include <memory.h>
| # endif
| # include <string.h>
| #endif
| #ifdef HAVE_STRINGS_H
| # include <strings.h>
| #endif
| #ifdef HAVE_INTTYPES_H
| # include <inttypes.h>
| #endif
| #ifdef HAVE_STDINT_H
| # include <stdint.h>
| #endif
| #ifdef HAVE_UNISTD_H
| # include <unistd.h>
| #endif
| #include <sys/ttycom.h>
configure:11587: result: no
configure:11587: checking sys/ttycom.h presence
configure:11587: gcc -E  conftest.c
conftest.c:23:24: fatal error: sys/ttycom.h: No such file or directory
compilation terminated.
configure:11587: $? = 1
configure: failed program was:
| /* confdefs.h */
| #define PACKAGE_NAME ""
| #define PACKAGE_TARNAME ""
| #define PACKAGE_VERSION ""
| #define PACKAGE_STRING ""
| #define PACKAGE_BUGREPORT ""
| #define PACKAGE_URL ""
| #define PACKAGE "Resurrection"
| #define VERSION "0.1.25"
| #define STDC_HEADERS 1
| #define HAVE_SYS_TYPES_H 1
| #define HAVE_SYS_STAT_H 1
| #define HAVE_STDLIB_H 1
| #define HAVE_STRING_H 1
| #define HAVE_MEMORY_H 1
| #define HAVE_STRINGS_H 1
| #define HAVE_INTTYPES_H 1
| #define HAVE_STDINT_H 1
| #define HAVE_UNISTD_H 1
| #define HAVE_DLFCN_H 1
| #define LT_OBJDIR ".libs/"
| /* end confdefs.h.  */
| #include <sys/ttycom.h>
configure:11587: result: no
configure:11587: checking for sys/ttycom.h
configure:11587: result: no
configure:11593: checking sys/endian.h usability
configure:11593: gcc -c -g -O2  conftest.c >&5
conftest.c:56:24: fatal error: sys/endian.h: No such file or directory
compilation terminated.
configure:11593: $? = 1
configure: failed program was:
| /* confdefs.h */
| #define PACKAGE_NAME ""
| #define PACKAGE_TARNAME ""
| #define PACKAGE_VERSION ""
| #define PACKAGE_STRING ""
| #define PACKAGE_BUGREPORT ""
| #define PACKAGE_URL ""
| #define PACKAGE "Resurrection"
| #define VERSION "0.1.25"
| #define STDC_HEADERS 1
| #define HAVE_SYS_TYPES_H 1
| #define HAVE_SYS_STAT_H 1
| #define HAVE_STDLIB_H 1
| #define HAVE_STRING_H 1
| #define HAVE_MEMORY_H 1
| #define HAVE_STRINGS_H 1
| #define HAVE_INTTYPES_H 1
| #define HAVE_STDINT_H 1
| #define HAVE_UNISTD_H 1
| #define HAVE_DLFCN_H 1
| #define LT_OBJDIR ".libs/"
| /* end confdefs.h.  */
| #include <stdio.h>
| #ifdef HAVE_SYS_TYPES_H
| # include <sys/types.h>
| #endif
| #ifdef HAVE_SYS_STAT_H
| # include <sys/stat.h>
| #endif
| #ifdef STDC_HEADERS
| # include <stdlib.h>
| # include <stddef.h>
| #else
| # ifdef HAVE_STDLIB_H
| #  include <stdlib.h>
| # endif
| #endif
| #ifdef HAVE_STRING_H
| # if !defined STDC_HEADERS && defined HAVE_MEMORY_H
| #  include <memory.h>
| # endif
| # include <string.h>
| #endif
| #ifdef HAVE_STRINGS_H
| # include <strings.h>
| #endif
| #ifdef HAVE_INTTYPES_H
| # include <inttypes.h>
| #endif
| #ifdef HAVE_STDINT_H
| # include <stdint.h>
| #endif
| #ifdef HAVE_UNISTD_H
| # include <unistd.h>
| #endif
| #include <sys/endian.h>
configure:11593: result: no
configure:11593: checking sys/endian.h presence
configure:11593: gcc -E  conftest.c
conftest.c:23:24: fatal error: sys/endian.h: No such file or directory
compilation terminated.
configure:11593: $? = 1
configure: failed program was:
| /* confdefs.h */
| #define PACKAGE_NAME ""
| #define PACKAGE_TARNAME ""
| #define PACKAGE_VERSION ""
| #define PACKAGE_STRING ""
| #define PACKAGE_BUGREPORT ""
| #define PACKAGE_URL ""
| #define PACKAGE "Resurrection"
| #define VERSION "0.1.25"
| #define STDC_HEADERS 1
| #define HAVE_SYS_TYPES_H 1
| #define HAVE_SYS_STAT_H 1
| #define HAVE_STDLIB_H 1
| #define HAVE_STRING_H 1
| #define HAVE_MEMORY_H 1
| #define HAVE_STRINGS_H 1
| #define HAVE_INTTYPES_H 1
| #define HAVE_STDINT_H 1
| #define HAVE_UNISTD_H 1
| #define HAVE_DLFCN_H 1
| #define LT_OBJDIR ".libs/"
| /* end confdefs.h.  */
| #include <sys/endian.h>
configure:11593: result: no
configure:11593: checking for sys/endian.h
configure:11593: result: no
configure:11606: checking size of unsigned long
configure:11611: gcc -o conftest -g -O2   conftest.c  >&5
configure:11611: $? = 0
configure:11611: ./conftest
configure:11611: $? = 0
configure:11625: result: 4
configure:11639: checking size of void *
configure:11644: gcc -o conftest -g -O2   conftest.c  >&5
configure:11644: $? = 0
configure:11644: ./conftest
configure:11644: $? = 0
configure:11658: result: 4
configure:11672: checking size of size_t
configure:11677: gcc -o conftest -g -O2   conftest.c  >&5
configure:11677: $? = 0
configure:11677: ./conftest
configure:11677: $? = 0
configure:11691: result: 4
configure:11705: checking size of off_t
configure:11710: gcc -o conftest -g -O2   conftest.c  >&5
configure:11710: $? = 0
configure:11710: ./conftest
configure:11710: $? = 0
configure:11724: result: 4
configure:11738: checking for how to enable 64-bit off_t
configure:11764: gcc -o conftest -g -O2   conftest.c  >&5
configure:11764: $? = 0
configure:11778: result: _FILE_OFFSET_BITS=64
configure:11788: checking for pthread_create in -lpthread
configure:11813: gcc -o conftest -g -O2 -D_LARGEFILE_SOURCE -D_FILE_OFFSET_BITS=64   conftest.c -lpthread   >&5
configure:11813: $? = 0
configure:11822: result: yes
configure:11828: checking for XShmAttach in -lXext
configure:11853: gcc -o conftest -g -O2 -D_LARGEFILE_SOURCE -D_FILE_OFFSET_BITS=64   conftest.c -lXext   -pthread >&5
configure:11853: $? = 0
configure:11862: result: yes
configure:11868: checking for imlib_context_set_display in -lImlib2
configure:11893: gcc -o conftest -g -O2 -D_LARGEFILE_SOURCE -D_FILE_OFFSET_BITS=64   conftest.c -lImlib2   -pthread -lXext >&5
configure:11893: $? = 0
configure:11902: result: yes
configure:11908: checking for FT_New_Face in -lfreetype
configure:11933: gcc -o conftest -g -O2 -D_LARGEFILE_SOURCE -D_FILE_OFFSET_BITS=64   conftest.c -lfreetype   -pthread -lXext -lImlib2 >&5
configure:11933: $? = 0
configure:11942: result: yes
configure:11957: checking if mmap works with MAP_ANON
configure:12003: gcc -o conftest -g -O2 -D_LARGEFILE_SOURCE -D_FILE_OFFSET_BITS=64   conftest.c  -pthread -lXext -lImlib2 -lfreetype >&5
configure:12003: $? = 0
configure:12003: ./conftest
configure:12003: $? = 0
configure:12015: result: yes
configure:12019: checking if mmap works on /dev/zero
configure:12075: gcc -o conftest -g -O2 -D_LARGEFILE_SOURCE -D_FILE_OFFSET_BITS=64   conftest.c  -pthread -lXext -lImlib2 -lfreetype >&5
configure:12075: $? = 0
configure:12075: ./conftest
configure:12075: $? = 0
configure:12087: result: yes
configure:12092: checking for intptr_t
configure:12092: gcc -c -g -O2 -D_LARGEFILE_SOURCE -D_FILE_OFFSET_BITS=64  conftest.c >&5
configure:12092: $? = 0
configure:12092: gcc -c -g -O2 -D_LARGEFILE_SOURCE -D_FILE_OFFSET_BITS=64  conftest.c >&5
conftest.c: In function 'main':
conftest.c:64:23: error: expected expression before ')' token
configure:12092: $? = 1
configure: failed program was:
| /* confdefs.h */
| #define PACKAGE_NAME ""
| #define PACKAGE_TARNAME ""
| #define PACKAGE_VERSION ""
| #define PACKAGE_STRING ""
| #define PACKAGE_BUGREPORT ""
| #define PACKAGE_URL ""
| #define PACKAGE "Resurrection"
| #define VERSION "0.1.25"
| #define STDC_HEADERS 1
| #define HAVE_SYS_TYPES_H 1
| #define HAVE_SYS_STAT_H 1
| #define HAVE_STDLIB_H 1
| #define HAVE_STRING_H 1
| #define HAVE_MEMORY_H 1
| #define HAVE_STRINGS_H 1
| #define HAVE_INTTYPES_H 1
| #define HAVE_STDINT_H 1
| #define HAVE_UNISTD_H 1
| #define HAVE_DLFCN_H 1
| #define LT_OBJDIR ".libs/"
| #define SIZEOF_UNSIGNED_LONG 4
| #define SIZEOF_VOID_P 4
| #define SIZEOF_SIZE_T 4
| #define SIZEOF_OFF_T 4
| #define _FILE_OFFSET_BITS 64
| /* end confdefs.h.  */
| #include <stdio.h>
| #ifdef HAVE_SYS_TYPES_H
| # include <sys/types.h>
| #endif
| #ifdef HAVE_SYS_STAT_H
| # include <sys/stat.h>
| #endif
| #ifdef STDC_HEADERS
| # include <stdlib.h>
| # include <stddef.h>
| #else
| # ifdef HAVE_STDLIB_H
| #  include <stdlib.h>
| # endif
| #endif
| #ifdef HAVE_STRING_H
| # if !defined STDC_HEADERS && defined HAVE_MEMORY_H
| #  include <memory.h>
| # endif
| # include <string.h>
| #endif
| #ifdef HAVE_STRINGS_H
| # include <strings.h>
| #endif
| #ifdef HAVE_INTTYPES_H
| # include <inttypes.h>
| #endif
| #ifdef HAVE_STDINT_H
| # include <stdint.h>
| #endif
| #ifdef HAVE_UNISTD_H
| # include <unistd.h>
| #endif
| int
| main ()
| {
| if (sizeof ((intptr_t)))
| 	    return 0;
|   ;
|   return 0;
| }
configure:12092: result: yes
configure:12117: checking for sbrk param type KLUDGE
configure:12119: result: intptr_t
configure:12270: checking that generated files are newer than configure
configure:12276: result: done
configure:12299: creating ./config.status

## ---------------------- ##
## Running config.status. ##
## ---------------------- ##

This file was extended by config.status, which was
generated by GNU Autoconf 2.69.  Invocation command line was

  CONFIG_FILES    = 
  CONFIG_HEADERS  = 
  CONFIG_LINKS    = 
  CONFIG_COMMANDS = 
  $ ./config.status 

on wizard

config.status:1136: creating Makefile
config.status:1136: creating include/Makefile
config.status:1136: creating lib/Makefile
config.status:1136: creating lib/Resurrection/Makefile
config.status:1136: creating lib/Rwm/Makefile
config.status:1136: creating lib/Rterm/Makefile
config.status:1136: creating lib/Rv/Makefile
config.status:1136: creating lib/Rl/Makefile
config.status:1136: creating apps/Makefile
config.status:1136: creating apps/Rwm/Makefile
config.status:1136: creating apps/Rterm/Makefile
config.status:1136: creating apps/Rv/Makefile
config.status:1136: creating apps/Rl/Makefile
config.status:1136: creating apps/Rsaver/Makefile
config.status:1136: creating images/Makefile
config.status:1136: creating fonts/Makefile
config.status:1136: creating test/Makefile
config.status:1136: creating include/Resurrection/autoconf.h
config.status:1322: include/Resurrection/autoconf.h is unchanged
config.status:1370: executing depfiles commands
config.status:1370: executing libtool commands

## ---------------- ##
## Cache variables. ##
## ---------------- ##

R_cv_64bit_off_t=yes
R_cv_mmap_dev_zero=yes
R_cv_mmap_map_anon=yes
R_cv_sbrk_param_type=intptr_t
ac_cv_build=i686-pc-linux-gnu
ac_cv_c_compiler_gnu=yes
ac_cv_env_CC_set=
ac_cv_env_CC_value=
ac_cv_env_CFLAGS_set=
ac_cv_env_CFLAGS_value=
ac_cv_env_CPPFLAGS_set=
ac_cv_env_CPPFLAGS_value=
ac_cv_env_CPP_set=
ac_cv_env_CPP_value=
ac_cv_env_LDFLAGS_set=
ac_cv_env_LDFLAGS_value=
ac_cv_env_LIBS_set=
ac_cv_env_LIBS_value=
ac_cv_env_build_alias_set=
ac_cv_env_build_alias_value=
ac_cv_env_host_alias_set=
ac_cv_env_host_alias_value=
ac_cv_env_target_alias_set=
ac_cv_env_target_alias_value=
ac_cv_header_dlfcn_h=yes
ac_cv_header_inttypes_h=yes
ac_cv_header_malloc_h=yes
ac_cv_header_memory_h=yes
ac_cv_header_stdc=yes
ac_cv_header_stdint_h=yes
ac_cv_header_stdlib_h=yes
ac_cv_header_string_h=yes
ac_cv_header_strings_h=yes
ac_cv_header_sys_endian_h=no
ac_cv_header_sys_stat_h=yes
ac_cv_header_sys_termios_h=yes
ac_cv_header_sys_ttycom_h=no
ac_cv_header_sys_types_h=yes
ac_cv_header_termios_h=yes
ac_cv_header_unistd_h=yes
ac_cv_host=i686-pc-linux-gnu
ac_cv_lib_Imlib2_imlib_context_set_display=yes
ac_cv_lib_Xext_XShmAttach=yes
ac_cv_lib_freetype_FT_New_Face=yes
ac_cv_lib_pthread_pthread_create=yes
ac_cv_objext=o
ac_cv_path_EGREP='/usr/bin/grep -E'
ac_cv_path_FGREP='/usr/bin/grep -F'
ac_cv_path_GREP=/usr/bin/grep
ac_cv_path_SED=/bin/sed
ac_cv_path_install='/usr/bin/install -c'
ac_cv_path_mkdir=/bin/mkdir
ac_cv_prog_AWK=gawk
ac_cv_prog_CPP='gcc -E'
ac_cv_prog_ac_ct_AR=ar
ac_cv_prog_ac_ct_CC=gcc
ac_cv_prog_ac_ct_OBJDUMP=objdump
ac_cv_prog_ac_ct_RANLIB=ranlib
ac_cv_prog_ac_ct_STRIP=strip
ac_cv_prog_cc_c89=
ac_cv_prog_cc_g=yes
ac_cv_prog_cc_gcc_c_o=yes
ac_cv_prog_make_make_set=yes
ac_cv_sizeof_off_t=4
ac_cv_sizeof_size_t=4
ac_cv_sizeof_unsigned_long=4
ac_cv_sizeof_void_p=4
ac_cv_type_intptr_t=yes
am_cv_CC_dependencies_compiler_type=gcc3
lt_cv_ar_at_file=@
lt_cv_archive_cmds_need_lc=no
lt_cv_deplibs_check_method=pass_all
lt_cv_file_magic_cmd='$MAGIC_CMD'
lt_cv_file_magic_test_file=
lt_cv_ld_reload_flag=-r
lt_cv_nm_interface='BSD nm'
lt_cv_objdir=.libs
lt_cv_path_LD=/usr/bin/ld
lt_cv_path_NM='/usr/bin/nm -B'
lt_cv_path_mainfest_tool=no
lt_cv_prog_compiler_c_o=yes
lt_cv_prog_compiler_pic='-fPIC -DPIC'
lt_cv_prog_compiler_pic_works=yes
lt_cv_prog_compiler_rtti_exceptions=no
lt_cv_prog_compiler_static_works=yes
lt_cv_prog_gnu_ld=yes
lt_cv_sharedlib_from_linklib_cmd='printf %s\n'
lt_cv_shlibpath_overrides_runpath=no
lt_cv_sys_global_symbol_pipe='sed -n -e '\''s/^.*[	 ]\([ABCDGIRSTW][ABCDGIRSTW]*\)[	 ][	 ]*\([_A-Za-z][_A-Za-z0-9]*\)$/\1 \2 \2/p'\'' | sed '\''/ __gnu_lto/d'\'''
lt_cv_sys_global_symbol_to_c_name_address='sed -n -e '\''s/^: \([^ ]*\)[ ]*$/  {\"\1\", (void *) 0},/p'\'' -e '\''s/^[ABCDGIRSTW]* \([^ ]*\) \([^ ]*\)$/  {"\2", (void *) \&\2},/p'\'''
lt_cv_sys_global_symbol_to_c_name_address_lib_prefix='sed -n -e '\''s/^: \([^ ]*\)[ ]*$/  {\"\1\", (void *) 0},/p'\'' -e '\''s/^[ABCDGIRSTW]* \([^ ]*\) \(lib[^ ]*\)$/  {"\2", (void *) \&\2},/p'\'' -e '\''s/^[ABCDGIRSTW]* \([^ ]*\) \([^ ]*\)$/  {"lib\2", (void *) \&\2},/p'\'''
lt_cv_sys_global_symbol_to_cdecl='sed -n -e '\''s/^T .* \(.*\)$/extern int \1();/p'\'' -e '\''s/^[ABCDGIRSTW]* .* \(.*\)$/extern char \1;/p'\'''
lt_cv_sys_max_cmd_len=1572864
lt_cv_to_host_file_cmd=func_convert_file_noop
lt_cv_to_tool_file_cmd=func_convert_file_noop

## ----------------- ##
## Output variables. ##
## ----------------- ##

ACLOCAL='${SHELL} /home/vendu/projects/personal/resurrection/resurrection-0.1.26/config_aux/missing --run aclocal-1.12'
AMDEPBACKSLASH='\'
AMDEP_FALSE='#'
AMDEP_TRUE=''
AMTAR='$${TAR-tar}'
AR='ar'
AUTOCONF='${SHELL} /home/vendu/projects/personal/resurrection/resurrection-0.1.26/config_aux/missing --run autoconf'
AUTOHEADER='${SHELL} /home/vendu/projects/personal/resurrection/resurrection-0.1.26/config_aux/missing --run autoheader'
AUTOMAKE='${SHELL} /home/vendu/projects/personal/resurrection/resurrection-0.1.26/config_aux/missing --run automake-1.12'
AWK='gawk'
CC='gcc'
CCDEPMODE='depmode=gcc3'
CFLAGS='-g -O2 -D_LARGEFILE_SOURCE -D_FILE_OFFSET_BITS=64'
CPP='gcc -E'
CPPFLAGS=''
CYGPATH_W='echo'
DEFS='-DHAVE_CONFIG_H'
DEPDIR='.deps'
DLLTOOL='false'
DSYMUTIL=''
DUMPBIN=''
ECHO_C=''
ECHO_N='-n'
ECHO_T=''
EGREP='/usr/bin/grep -E'
EXEEXT=''
FGREP='/usr/bin/grep -F'
GREP='/usr/bin/grep'
INCLUDES='-I/home/vendu/projects/personal/resurrection/resurrection-0.1.26/include -I/usr/include/freetype2'
INSTALL_DATA='${INSTALL} -m 644'
INSTALL_PROGRAM='${INSTALL}'
INSTALL_SCRIPT='${INSTALL}'
INSTALL_STRIP_PROGRAM='$(install_sh) -c -s'
LD='/usr/bin/ld'
LDFLAGS=''
LIBOBJS=''
LIBS=' -pthread -lXext -lImlib2 -lfreetype'
LIBTOOL='$(SHELL) $(top_builddir)/libtool'
LIPO=''
LN_S='ln -s'
LTLIBOBJS=''
MAKEINFO='${SHELL} /home/vendu/projects/personal/resurrection/resurrection-0.1.26/config_aux/missing --run makeinfo'
MANIFEST_TOOL=':'
MKDIR_P='/bin/mkdir -p'
NM='/usr/bin/nm -B'
NMEDIT=''
OBJDUMP='objdump'
OBJEXT='o'
OTOOL64=''
OTOOL=''
PACKAGE='Resurrection'
PACKAGE_BUGREPORT=''
PACKAGE_NAME=''
PACKAGE_STRING=''
PACKAGE_TARNAME=''
PACKAGE_URL=''
PACKAGE_VERSION=''
PATH_SEPARATOR=':'
RANLIB='ranlib'
R_CFLAGS='-Wall'
R_DIST_ROOT='/home/vendu/projects/personal/resurrection/resurrection-0.1.26'
R_INCLUDES='-I/usr/local/include -I/usr/local/X11R6/include -I/usr/X11R6/include'
R_LDFLAGS='-pthread'
SED='/bin/sed'
SET_MAKE=''
SHELL='/bin/sh'
STRIP='strip'
VERSION='0.1.25'
ac_ct_AR='ar'
ac_ct_CC='gcc'
ac_ct_DUMPBIN=''
am__EXEEXT_FALSE=''
am__EXEEXT_TRUE='#'
am__fastdepCC_FALSE='#'
am__fastdepCC_TRUE=''
am__include='include'
am__isrc=''
am__leading_dot='.'
am__nodep='_no'
am__quote=''
am__tar='$${TAR-tar} chof - "$$tardir"'
am__untar='$${TAR-tar} xf -'
backgroundimagedir='${datarootdir}/Resurrection/images/background'
bindir='${exec_prefix}/bin'
build='i686-pc-linux-gnu'
build_alias=''
build_cpu='i686'
build_os='linux-gnu'
build_vendor='pc'
datadir='${datarootdir}'
datarootdir='${prefix}/share'
docdir='${datarootdir}/doc/${PACKAGE}'
dvidir='${docdir}'
exec_prefix='/usr/local'
fontdir='${datarootdir}/Resurrection/fonts'
host='i686-pc-linux-gnu'
host_alias=''
host_cpu='i686'
host_os='linux-gnu'
host_vendor='pc'
htmldir='${docdir}'
imagedir='${datarootdir}/Resurrection/images'
includedir='${prefix}/include'
infodir='${datarootdir}/info'
install_sh='${SHELL} /home/vendu/projects/personal/resurrection/resurrection-0.1.26/config_aux/install-sh'
libdir='${exec_prefix}/lib'
libexecdir='${exec_prefix}/libexec'
localedir='${datarootdir}/locale'
localstatedir='${prefix}/var'
mandir='${datarootdir}/man'
miscimagedir='${datarootdir}/Resurrection/images/misc'
mkdir_p='$(MKDIR_P)'
oldincludedir='/usr/include'
pdfdir='${docdir}'
prefix='/usr/local'
program_transform_name='s,x,x,'
psdir='${docdir}'
sbindir='${exec_prefix}/sbin'
sharedstatedir='${prefix}/com'
sysconfdir='${prefix}/etc'
target_alias=''
ttffontdir='${datarootdir}/Resurrection/fonts/ttf'
widgetimagedir='${datarootdir}/Resurrection/images/widget'
wmimagedir='${datarootdir}/Resurrection/images/wm'

## ------------------- ##
## File substitutions. ##
## ------------------- ##

resurrection_subst_dirs='/home/vendu/projects/personal/resurrection/resurrection-0.1.26/aux/substdirs.make'

## ----------- ##
## confdefs.h. ##
## ----------- ##

/* confdefs.h */
#define PACKAGE_NAME ""
#define PACKAGE_TARNAME ""
#define PACKAGE_VERSION ""
#define PACKAGE_STRING ""
#define PACKAGE_BUGREPORT ""
#define PACKAGE_URL ""
#define PACKAGE "Resurrection"
#define VERSION "0.1.25"
#define STDC_HEADERS 1
#define HAVE_SYS_TYPES_H 1
#define HAVE_SYS_STAT_H 1
#define HAVE_STDLIB_H 1
#define HAVE_STRING_H 1
#define HAVE_MEMORY_H 1
#define HAVE_STRINGS_H 1
#define HAVE_INTTYPES_H 1
#define HAVE_STDINT_H 1
#define HAVE_UNISTD_H 1
#define HAVE_DLFCN_H 1
#define LT_OBJDIR ".libs/"
#define SIZEOF_UNSIGNED_LONG 4
#define SIZEOF_VOID_P 4
#define SIZEOF_SIZE_T 4
#define SIZEOF_OFF_T 4
#define _FILE_OFFSET_BITS 64
#define R_SBRK_T intptr_t

configure: exit 0
